Tue Oct  8 11:36:09 2024       
+-----------------------------------------------------------------------------------------+
| NVIDIA-SMI 560.35.03              Driver Version: 560.35.03      CUDA Version: 12.6     |
|-----------------------------------------+------------------------+----------------------+
| GPU  Name                 Persistence-M | Bus-Id          Disp.A | Volatile Uncorr. ECC |
| Fan  Temp   Perf          Pwr:Usage/Cap |           Memory-Usage | GPU-Util  Compute M. |
|                                         |                        |               MIG M. |
|=========================================+========================+======================|
|   0  NVIDIA A100-PCIE-40GB          On  |   00000000:86:00.0 Off |                    0 |
| N/A   27C    P0             43W /  250W |       1MiB /  40960MiB |      0%   E. Process |
|                                         |                        |             Disabled |
+-----------------------------------------+------------------------+----------------------+
                                                                                         
+-----------------------------------------------------------------------------------------+
| Processes:                                                                              |
|  GPU   GI   CI        PID   Type   Process name                              GPU Memory |
|        ID   ID                                                               Usage      |
|=========================================================================================|
|  No running processes found                                                             |
+-----------------------------------------------------------------------------------------+
cuda
There are 9469 examples in the training set
There are 3532 examples in the test set 

Image shape is: torch.Size([3, 224, 224]), label example is 0
Epoch 0 validation accuracy: 0.3270101925254813
Epoch 1 validation accuracy: 0.4297848244620612
Epoch 2 validation accuracy: 0.5489807474518686
Epoch 3 validation accuracy: 0.6452434881087202
Epoch 4 validation accuracy: 0.6041902604756512
Epoch 5 validation accuracy: 0.6973386183465459
Epoch 6 validation accuracy: 0.7049830124575311
Epoch 7 validation accuracy: 0.6738391845979615
Epoch 8 validation accuracy: 0.7398074745186863
Epoch 9 validation accuracy: 0.6967723669309174
Epoch 10 validation accuracy: 0.760475651189128
Epoch 11 validation accuracy: 0.6981879954699887
Epoch 12 validation accuracy: 0.6939411098527747
Epoch 13 validation accuracy: 0.7570781426953568
Epoch 14 validation accuracy: 0.760475651189128
Epoch 15 validation accuracy: 0.7950169875424689
Epoch 16 validation accuracy: 0.8125707814269536
Epoch 17 validation accuracy: 0.7839750849377124
Epoch 18 validation accuracy: 0.7839750849377124
Epoch 19 validation accuracy: 0.7466024915062288
Epoch 20 validation accuracy: 0.8094563986409966
Epoch 21 validation accuracy: 0.7049830124575311
Epoch 22 validation accuracy: 0.7785956964892412
Epoch 23 validation accuracy: 0.8193657984144961
Epoch 24 validation accuracy: 0.807757644394111
Epoch 25 validation accuracy: 0.8321064552661381
Epoch 26 validation accuracy: 0.7409399773499433
Epoch 27 validation accuracy: 0.8069082672706682
Epoch 28 validation accuracy: 0.8023782559456398
Epoch 29 validation accuracy: 0.77519818799547
Epoch 30 validation accuracy: 0.8020951302378256
Epoch 31 validation accuracy: 0.8471121177802945
Epoch 32 validation accuracy: 0.8069082672706682
Epoch 33 validation accuracy: 0.8448471121177803
Epoch 34 validation accuracy: 0.7967157417893544
Epoch 35 validation accuracy: 0.829841449603624
Epoch 36 validation accuracy: 0.8326727066817667
Epoch 37 validation accuracy: 0.8380520951302378
Epoch 38 validation accuracy: 0.7924688561721405
Epoch 39 validation accuracy: 0.8179501698754247
Epoch 40 validation accuracy: 0.8117214043035108
Epoch 41 validation accuracy: 0.8304077010192525
Epoch 42 validation accuracy: 0.8558890147225368
Epoch 43 validation accuracy: 0.8244620611551529
Epoch 44 validation accuracy: 0.8527746319365799
Epoch 45 validation accuracy: 0.8346545866364666
Epoch 46 validation accuracy: 0.8352208380520951
Epoch 47 validation accuracy: 0.8394677236693092
Epoch 48 validation accuracy: 0.8346545866364666
Epoch 49 validation accuracy: 0.8074745186862967
Epoch 50 validation accuracy: 0.8519252548131371
Epoch 51 validation accuracy: 0.8505096262740657
Epoch 52 validation accuracy: 0.837202718006795
Epoch 53 validation accuracy: 0.7916194790486977
Epoch 54 validation accuracy: 0.7947338618346546
Epoch 55 validation accuracy: 0.829841449603624
Epoch 56 validation accuracy: 0.855039637599094
Epoch 57 validation accuracy: 0.8584371460928653
Epoch 58 validation accuracy: 0.8142695356738392
Epoch 59 validation accuracy: 0.8629671574178935
Epoch 60 validation accuracy: 0.8253114382785957
Epoch 61 validation accuracy: 0.8587202718006794
Epoch 62 validation accuracy: 0.840317100792752
Epoch 63 validation accuracy: 0.8553227633069083
Epoch 64 validation accuracy: 0.8677802944507361
Epoch 65 validation accuracy: 0.8493771234428086
Epoch 66 validation accuracy: 0.8383352208380521
Epoch 67 validation accuracy: 0.8689127972819932
Epoch 68 validation accuracy: 0.8221970554926388
Epoch 69 validation accuracy: 0.8691959229898075
Epoch 70 validation accuracy: 0.8400339750849377
Epoch 71 validation accuracy: 0.8660815402038505
Epoch 72 validation accuracy: 0.8488108720271801
Epoch 73 validation accuracy: 0.8649490373725934
Epoch 74 validation accuracy: 0.8669309173272933
