Mon Oct  7 04:42:54 2024       
+-----------------------------------------------------------------------------------------+
| NVIDIA-SMI 560.35.03              Driver Version: 560.35.03      CUDA Version: 12.6     |
|-----------------------------------------+------------------------+----------------------+
| GPU  Name                 Persistence-M | Bus-Id          Disp.A | Volatile Uncorr. ECC |
| Fan  Temp   Perf          Pwr:Usage/Cap |           Memory-Usage | GPU-Util  Compute M. |
|                                         |                        |               MIG M. |
|=========================================+========================+======================|
|   0  NVIDIA A100-PCIE-40GB          On  |   00000000:86:00.0 Off |                    0 |
| N/A   26C    P0             53W /  250W |       1MiB /  40960MiB |      0%   E. Process |
|                                         |                        |             Disabled |
+-----------------------------------------+------------------------+----------------------+
                                                                                         
+-----------------------------------------------------------------------------------------+
| Processes:                                                                              |
|  GPU   GI   CI        PID   Type   Process name                              GPU Memory |
|        ID   ID                                                               Usage      |
|=========================================================================================|
|  No running processes found                                                             |
+-----------------------------------------------------------------------------------------+
cuda
There are 9469 examples in the training set
There are 3532 examples in the test set 

Image shape is: torch.Size([3, 224, 224]), label example is 0
Epoch 0 validation accuracy: 0.1599660249150623
Epoch 1 validation accuracy: 0.27831257078142696
Epoch 2 validation accuracy: 0.366647791619479
Epoch 3 validation accuracy: 0.4249716874292186
Epoch 4 validation accuracy: 0.49037372593431483
Epoch 5 validation accuracy: 0.5436013590033975
Epoch 6 validation accuracy: 0.5569082672706682
Epoch 7 validation accuracy: 0.5806908267270668
Epoch 8 validation accuracy: 0.6327859569648924
Epoch 9 validation accuracy: 0.6234428086070215
Epoch 10 validation accuracy: 0.6616647791619479
Epoch 11 validation accuracy: 0.6792185730464326
Epoch 12 validation accuracy: 0.6902604756511891
Epoch 13 validation accuracy: 0.700736126840317
Epoch 14 validation accuracy: 0.6950736126840317
Epoch 15 validation accuracy: 0.7041336353340883
Epoch 16 validation accuracy: 0.7191392978482446
Epoch 17 validation accuracy: 0.7129105322763307
Epoch 18 validation accuracy: 0.7321630804077011
Epoch 19 validation accuracy: 0.7423556058890147
