Sat Oct  5 15:31:56 2024       
+-----------------------------------------------------------------------------------------+
| NVIDIA-SMI 560.35.03              Driver Version: 560.35.03      CUDA Version: 12.6     |
|-----------------------------------------+------------------------+----------------------+
| GPU  Name                 Persistence-M | Bus-Id          Disp.A | Volatile Uncorr. ECC |
| Fan  Temp   Perf          Pwr:Usage/Cap |           Memory-Usage | GPU-Util  Compute M. |
|                                         |                        |               MIG M. |
|=========================================+========================+======================|
|   0  NVIDIA A100-PCIE-40GB          On  |   00000000:86:00.0 Off |                    0 |
| N/A   31C    P0             52W /  250W |       1MiB /  40960MiB |      0%   E. Process |
|                                         |                        |             Disabled |
+-----------------------------------------+------------------------+----------------------+
                                                                                         
+-----------------------------------------------------------------------------------------+
| Processes:                                                                              |
|  GPU   GI   CI        PID   Type   Process name                              GPU Memory |
|        ID   ID                                                               Usage      |
|=========================================================================================|
|  No running processes found                                                             |
+-----------------------------------------------------------------------------------------+
cuda
Downloading https://s3.amazonaws.com/fast-ai-imageclas/imagenette2.tgz to ./data/imagenette2.tgz
Extracting ./data/imagenette2.tgz to ./data
There are 9469 examples in the training set
There are 3532 examples in the test set 

Image shape is: torch.Size([3, 224, 224]), label example is 0
Epoch 0 validation accuracy: 0.09711211778029445
Epoch 1 validation accuracy: 0.09060022650056625
Epoch 2 validation accuracy: 0.09824462061155152
Epoch 3 validation accuracy: 0.10022650056625142
Epoch 4 validation accuracy: 0.10107587768969423
