Mon Oct  7 18:03:30 2024       
+-----------------------------------------------------------------------------------------+
| NVIDIA-SMI 560.35.03              Driver Version: 560.35.03      CUDA Version: 12.6     |
|-----------------------------------------+------------------------+----------------------+
| GPU  Name                 Persistence-M | Bus-Id          Disp.A | Volatile Uncorr. ECC |
| Fan  Temp   Perf          Pwr:Usage/Cap |           Memory-Usage | GPU-Util  Compute M. |
|                                         |                        |               MIG M. |
|=========================================+========================+======================|
|   0  NVIDIA A100-PCIE-40GB          On  |   00000000:86:00.0 Off |                    0 |
| N/A   27C    P0             40W /  250W |       1MiB /  40960MiB |      0%   E. Process |
|                                         |                        |             Disabled |
+-----------------------------------------+------------------------+----------------------+
                                                                                         
+-----------------------------------------------------------------------------------------+
| Processes:                                                                              |
|  GPU   GI   CI        PID   Type   Process name                              GPU Memory |
|        ID   ID                                                               Usage      |
|=========================================================================================|
|  No running processes found                                                             |
+-----------------------------------------------------------------------------------------+
cuda
There are 9469 examples in the training set
There are 3532 examples in the test set 

Image shape is: torch.Size([3, 224, 224]), label example is 0
Epoch 0 validation accuracy: 0.09711211778029445
Epoch 1 validation accuracy: 0.09711211778029445
Epoch 2 validation accuracy: 0.21234428086070214
Epoch 3 validation accuracy: 0.2706681766704417
Epoch 4 validation accuracy: 0.3725934314835787
Epoch 5 validation accuracy: 0.4377123442808607
Epoch 6 validation accuracy: 0.5121744054360136
Epoch 7 validation accuracy: 0.5402038505096263
Epoch 8 validation accuracy: 0.5832389580973952
Epoch 9 validation accuracy: 0.608154020385051
Epoch 10 validation accuracy: 0.6259909399773499
Epoch 11 validation accuracy: 0.6194790486976217
Epoch 12 validation accuracy: 0.6424122310305775
Epoch 13 validation accuracy: 0.6381653454133636
Epoch 14 validation accuracy: 0.6933748584371461
Epoch 15 validation accuracy: 0.6894110985277463
Epoch 16 validation accuracy: 0.7058323895809739
Epoch 17 validation accuracy: 0.7126274065685164
Epoch 18 validation accuracy: 0.7219705549263873
Epoch 19 validation accuracy: 0.7231030577576444
