Sun Oct  6 13:37:15 2024       
+-----------------------------------------------------------------------------------------+
| NVIDIA-SMI 560.35.03              Driver Version: 560.35.03      CUDA Version: 12.6     |
|-----------------------------------------+------------------------+----------------------+
| GPU  Name                 Persistence-M | Bus-Id          Disp.A | Volatile Uncorr. ECC |
| Fan  Temp   Perf          Pwr:Usage/Cap |           Memory-Usage | GPU-Util  Compute M. |
|                                         |                        |               MIG M. |
|=========================================+========================+======================|
|   0  NVIDIA A100 80GB PCIe          On  |   00000000:CA:00.0 Off |                    0 |
| N/A   42C    P0             73W /  300W |       1MiB /  81920MiB |      0%   E. Process |
|                                         |                        |             Disabled |
+-----------------------------------------+------------------------+----------------------+
                                                                                         
+-----------------------------------------------------------------------------------------+
| Processes:                                                                              |
|  GPU   GI   CI        PID   Type   Process name                              GPU Memory |
|        ID   ID                                                               Usage      |
|=========================================================================================|
|  No running processes found                                                             |
+-----------------------------------------------------------------------------------------+
cuda
There are 9469 examples in the training set
There are 3532 examples in the test set 

Image shape is: torch.Size([3, 224, 224]), label example is 0
Epoch 0 validation accuracy: 0.09060022650056625
Epoch 1 validation accuracy: 0.09060022650056625
Epoch 2 validation accuracy: 0.09060022650056625
Epoch 3 validation accuracy: 0.09060022650056625
Epoch 4 validation accuracy: 0.09060022650056625
Epoch 5 validation accuracy: 0.09824462061155152
Epoch 6 validation accuracy: 0.10022650056625142
Epoch 7 validation accuracy: 0.09060022650056625
Epoch 8 validation accuracy: 0.09060022650056625
Epoch 9 validation accuracy: 0.09060022650056625
Epoch 10 validation accuracy: 0.09060022650056625
Epoch 11 validation accuracy: 0.09060022650056625
Epoch 12 validation accuracy: 0.09711211778029445
Epoch 13 validation accuracy: 0.09824462061155152
Epoch 14 validation accuracy: 0.09060022650056625
Epoch 15 validation accuracy: 0.09060022650056625
Epoch 16 validation accuracy: 0.09060022650056625
Epoch 17 validation accuracy: 0.09060022650056625
Epoch 18 validation accuracy: 0.09060022650056625
Epoch 19 validation accuracy: 0.09824462061155152
