Tue Oct  8 10:35:46 2024       
+-----------------------------------------------------------------------------------------+
| NVIDIA-SMI 560.35.03              Driver Version: 560.35.03      CUDA Version: 12.6     |
|-----------------------------------------+------------------------+----------------------+
| GPU  Name                 Persistence-M | Bus-Id          Disp.A | Volatile Uncorr. ECC |
| Fan  Temp   Perf          Pwr:Usage/Cap |           Memory-Usage | GPU-Util  Compute M. |
|                                         |                        |               MIG M. |
|=========================================+========================+======================|
|   0  NVIDIA A100-PCIE-40GB          On  |   00000000:86:00.0 Off |                    0 |
| N/A   28C    P0             60W /  250W |       1MiB /  40960MiB |      0%   E. Process |
|                                         |                        |             Disabled |
+-----------------------------------------+------------------------+----------------------+
                                                                                         
+-----------------------------------------------------------------------------------------+
| Processes:                                                                              |
|  GPU   GI   CI        PID   Type   Process name                              GPU Memory |
|        ID   ID                                                               Usage      |
|=========================================================================================|
|  No running processes found                                                             |
+-----------------------------------------------------------------------------------------+
cuda
There are 9469 examples in the training set
There are 3532 examples in the test set 

Image shape is: torch.Size([3, 224, 224]), label example is 0
Epoch 0 validation accuracy: 0.4082672706681767
Epoch 1 validation accuracy: 0.45328425821064555
Epoch 2 validation accuracy: 0.5368063420158551
Epoch 3 validation accuracy: 0.6002265005662514
Epoch 4 validation accuracy: 0.6310872027180068
Epoch 5 validation accuracy: 0.6667610419026048
Epoch 6 validation accuracy: 0.698471121177803
Epoch 7 validation accuracy: 0.7044167610419027
Epoch 8 validation accuracy: 0.7641562853907135
Epoch 9 validation accuracy: 0.6860135900339751
Epoch 10 validation accuracy: 0.7123442808607021
Epoch 11 validation accuracy: 0.7202718006795017
Epoch 12 validation accuracy: 0.7236693091732729
Epoch 13 validation accuracy: 0.7386749716874292
Early stopping triggered
